<?xml version="1.0" encoding="UTF-8"?>
<!-- Generated by org.testng.reporters.JUnitReportReporter -->
<testsuite skipped="0" hostname="DESKTOP-0AURN2C" name="tests.TravelsCarsExtrasTest" tests="4" failures="0" timestamp="2019-12-14T10:36:55 CET" time="29.767" errors="0">
  <testcase name="addNewItem" time="29.669" classname="tests.TravelsCarsExtrasTest"/>
  <testcase name="isStatusChanged" time="0.040" classname="tests.TravelsCarsExtrasTest"/>
  <testcase name="isImageUploadedSuccessfuly" time="0.020" classname="tests.TravelsCarsExtrasTest"/>
  <testcase name="possibleTextInPrice" time="0.038" classname="tests.TravelsCarsExtrasTest"/>
</testsuite> <!-- tests.TravelsCarsExtrasTest -->
