<?xml version="1.0" encoding="UTF-8"?>
<!-- Generated by org.testng.reporters.JUnitReportReporter -->
<testsuite skipped="0" hostname="DESKTOP-0AURN2C" name="tests.TravelsLoginTest" tests="1" failures="0" timestamp="2019-12-13T17:51:54 CET" time="10.097" errors="0">
  <testcase name="basicLogin" time="10.097" classname="tests.TravelsLoginTest"/>
</testsuite> <!-- tests.TravelsLoginTest -->
