<?xml version="1.0" encoding="UTF-8"?>
<!-- Generated by org.testng.reporters.JUnitReportReporter -->
<testsuite skipped="0" hostname="DESKTOP-0AURN2C" name="tests.TravelsCustomersTest" tests="1" failures="0" timestamp="2019-12-12T21:39:57 CET" time="18.491" errors="0">
  <testcase name="goToCustomersManagement" time="18.491" classname="tests.TravelsCustomersTest"/>
</testsuite> <!-- tests.TravelsCustomersTest -->
