<?xml version="1.0" encoding="UTF-8"?>
<!-- Generated by org.testng.reporters.JUnitReportReporter -->
<testsuite skipped="0" hostname="DESKTOP-0AURN2C" name="tests.TravelsExcelLoginTest" tests="1" failures="0" timestamp="2019-12-13T19:18:46 CET" time="8.131" errors="0">
  <testcase name="loginWithExcel" time="8.131" classname="tests.TravelsExcelLoginTest"/>
</testsuite> <!-- tests.TravelsExcelLoginTest -->
